<?xml version="1.0" encoding="UTF-8"?>
<!-- Generated by org.testng.reporters.JUnitXMLReporter -->
<testsuite hostname="Alexanders-MacBook-Pro.local" ignored="0" name="Default test" tests="10" failures="0" timestamp="18 Mar 2017 03:51:39 GMT" time="0.058" errors="0">
  <testcase name="f1" time="0.014" classname="core.EmployeesTest"/>
  <testcase name="f10" time="0.002" classname="core.EmployeesTest"/>
  <testcase name="f2" time="0.001" classname="core.EmployeesTest"/>
  <testcase name="f3" time="0.001" classname="core.EmployeesTest"/>
  <testcase name="f4" time="0.001" classname="core.EmployeesTest"/>
  <testcase name="f5" time="0.001" classname="core.EmployeesTest"/>
  <testcase name="f6" time="0.001" classname="core.EmployeesTest"/>
  <testcase name="f7" time="0.002" classname="core.EmployeesTest"/>
  <testcase name="f8" time="0.001" classname="core.EmployeesTest"/>
  <testcase name="f9" time="0.001" classname="core.EmployeesTest"/>
</testsuite> <!-- Default test -->
