<?xml version="1.0" encoding="UTF-8"?>
<testng-results skipped="0" failed="0" ignored="0" total="10" passed="10">
  <reporter-output>
  </reporter-output>
  <suite name="Default suite" duration-ms="58" started-at="2017-03-18T03:51:34Z" finished-at="2017-03-18T03:51:34Z">
    <groups>
    </groups>
    <test name="Default test" duration-ms="58" started-at="2017-03-18T03:51:34Z" finished-at="2017-03-18T03:51:34Z">
      <class name="core.EmployeesTest">
        <test-method status="PASS" signature="f1()[pri:0, instance:core.EmployeesTest@5702b3b1]" name="f1" duration-ms="14" started-at="2017-03-17T20:51:34Z" finished-at="2017-03-17T20:51:34Z">
          <reporter-output>
          </reporter-output>
        </test-method> <!-- f1 -->
        <test-method status="PASS" signature="f10()[pri:0, instance:core.EmployeesTest@5702b3b1]" name="f10" duration-ms="2" started-at="2017-03-17T20:51:34Z" finished-at="2017-03-17T20:51:34Z">
          <reporter-output>
          </reporter-output>
        </test-method> <!-- f10 -->
        <test-method status="PASS" signature="f2()[pri:0, instance:core.EmployeesTest@5702b3b1]" name="f2" duration-ms="1" started-at="2017-03-17T20:51:34Z" finished-at="2017-03-17T20:51:34Z">
          <reporter-output>
          </reporter-output>
        </test-method> <!-- f2 -->
        <test-method status="PASS" signature="f3()[pri:0, instance:core.EmployeesTest@5702b3b1]" name="f3" duration-ms="1" started-at="2017-03-17T20:51:34Z" finished-at="2017-03-17T20:51:34Z">
          <reporter-output>
          </reporter-output>
        </test-method> <!-- f3 -->
        <test-method status="PASS" signature="f4()[pri:0, instance:core.EmployeesTest@5702b3b1]" name="f4" duration-ms="1" started-at="2017-03-17T20:51:34Z" finished-at="2017-03-17T20:51:34Z">
          <reporter-output>
          </reporter-output>
        </test-method> <!-- f4 -->
        <test-method status="PASS" signature="f5()[pri:0, instance:core.EmployeesTest@5702b3b1]" name="f5" duration-ms="1" started-at="2017-03-17T20:51:34Z" finished-at="2017-03-17T20:51:34Z">
          <reporter-output>
          </reporter-output>
        </test-method> <!-- f5 -->
        <test-method status="PASS" signature="f6()[pri:0, instance:core.EmployeesTest@5702b3b1]" name="f6" duration-ms="1" started-at="2017-03-17T20:51:34Z" finished-at="2017-03-17T20:51:34Z">
          <reporter-output>
          </reporter-output>
        </test-method> <!-- f6 -->
        <test-method status="PASS" signature="f7()[pri:0, instance:core.EmployeesTest@5702b3b1]" name="f7" duration-ms="2" started-at="2017-03-17T20:51:34Z" finished-at="2017-03-17T20:51:34Z">
          <reporter-output>
          </reporter-output>
        </test-method> <!-- f7 -->
        <test-method status="PASS" signature="f8()[pri:0, instance:core.EmployeesTest@5702b3b1]" name="f8" duration-ms="1" started-at="2017-03-17T20:51:34Z" finished-at="2017-03-17T20:51:34Z">
          <reporter-output>
          </reporter-output>
        </test-method> <!-- f8 -->
        <test-method status="PASS" signature="f9()[pri:0, instance:core.EmployeesTest@5702b3b1]" name="f9" duration-ms="1" started-at="2017-03-17T20:51:34Z" finished-at="2017-03-17T20:51:34Z">
          <reporter-output>
          </reporter-output>
        </test-method> <!-- f9 -->
      </class> <!-- core.EmployeesTest -->
    </test> <!-- Default test -->
  </suite> <!-- Default suite -->
</testng-results>
